<?xml version="1.0" encoding="UTF-8"?>
<testng-results skipped="0" failed="1" total="4" passed="3">
  <reporter-output>
  </reporter-output>
  <suite name="Suite" duration-ms="17560" started-at="2016-05-22T15:55:45Z" finished-at="2016-05-22T15:56:02Z">
    <groups>
    </groups>
    <test name="Test" duration-ms="17560" started-at="2016-05-22T15:55:45Z" finished-at="2016-05-22T15:56:02Z">
      <class name="org.quinnox.testautomation.validatedatatest.ValidateDataTest">
        <test-method status="PASS" signature="initialize()[pri:0, instance:org.quinnox.testautomation.validatedatatest.ValidateDataTest@6a97e765]" name="initialize" is-config="true" duration-ms="12" started-at="2016-05-22T21:25:48Z" finished-at="2016-05-22T21:25:48Z">
          <reporter-output>
          </reporter-output>
        </test-method> <!-- initialize -->
        <test-method status="PASS" signature="validateDataTest()[pri:0, instance:org.quinnox.testautomation.validatedatatest.ValidateDataTest@6a97e765]" name="validateDataTest" duration-ms="12968" started-at="2016-05-22T21:25:48Z" finished-at="2016-05-22T21:26:01Z">
          <reporter-output>
          </reporter-output>
        </test-method> <!-- validateDataTest -->
      </class> <!-- org.quinnox.testautomation.validatedatatest.ValidateDataTest -->
      <class name="org.quinnox.testautomation.verifypostrequest.VerifyPostRequestTest">
        <test-method status="PASS" signature="configBeforeClass()[pri:0, instance:org.quinnox.testautomation.verifypostrequest.VerifyPostRequestTest@bddc6]" name="configBeforeClass" is-config="true" duration-ms="1" started-at="2016-05-22T21:25:46Z" finished-at="2016-05-22T21:25:46Z">
          <reporter-output>
          </reporter-output>
        </test-method> <!-- configBeforeClass -->
        <test-method status="PASS" signature="verifyPostRequest()[pri:0, instance:org.quinnox.testautomation.verifypostrequest.VerifyPostRequestTest@bddc6]" name="verifyPostRequest" duration-ms="2463" started-at="2016-05-22T21:25:46Z" finished-at="2016-05-22T21:25:48Z">
          <reporter-output>
          </reporter-output>
        </test-method> <!-- verifyPostRequest -->
      </class> <!-- org.quinnox.testautomation.verifypostrequest.VerifyPostRequestTest -->
      <class name="org.quinnox.testautomation.verifyapistatus.VerifyRestApiStatus">
        <test-method status="PASS" signature="configBeforeClass()[pri:0, instance:org.quinnox.testautomation.verifyapistatus.VerifyRestApiStatus@1fe5a771]" name="configBeforeClass" is-config="true" duration-ms="43" started-at="2016-05-22T21:25:45Z" finished-at="2016-05-22T21:25:45Z">
          <reporter-output>
          </reporter-output>
        </test-method> <!-- configBeforeClass -->
        <test-method status="PASS" signature="verifyApiStatus()[pri:0, instance:org.quinnox.testautomation.verifyapistatus.VerifyRestApiStatus@1fe5a771]" name="verifyApiStatus" duration-ms="947" started-at="2016-05-22T21:25:45Z" finished-at="2016-05-22T21:25:46Z">
          <reporter-output>
          </reporter-output>
        </test-method> <!-- verifyApiStatus -->
      </class> <!-- org.quinnox.testautomation.verifyapistatus.VerifyRestApiStatus -->
      <class name="org.quinnox.testautomation.postinvalidrequest.VerifyInvalidPostRequestTest">
        <test-method status="PASS" signature="configBeforeClass()[pri:0, instance:org.quinnox.testautomation.postinvalidrequest.VerifyInvalidPostRequestTest@b0cf230]" name="configBeforeClass" is-config="true" duration-ms="1" started-at="2016-05-22T21:26:01Z" finished-at="2016-05-22T21:26:01Z">
          <reporter-output>
          </reporter-output>
        </test-method> <!-- configBeforeClass -->
        <test-method status="FAIL" signature="verifyInvalidPostRequest()[pri:0, instance:org.quinnox.testautomation.postinvalidrequest.VerifyInvalidPostRequestTest@b0cf230]" name="verifyInvalidPostRequest" duration-ms="1081" started-at="2016-05-22T21:26:01Z" finished-at="2016-05-22T21:26:02Z">
          <exception class="java.lang.AssertionError">
            <message>
              <![CDATA[POSTING TO API IS FAILED! CHECK YOUR INPUT JSON expected [202] but found [200]]]>
            </message>
            <full-stacktrace>
              <![CDATA[java.lang.AssertionError: POSTING TO API IS FAILED! CHECK YOUR INPUT JSON expected [202] but found [200]
	at org.testng.Assert.fail(Assert.java:94)
	at org.testng.Assert.failNotEquals(Assert.java:496)
	at org.testng.Assert.assertEquals(Assert.java:125)
	at org.testng.Assert.assertEquals(Assert.java:372)
	at org.quinnox.testautomation.postinvalidrequest.VerifyInvalidPostRequestTest.verifyInvalidPostRequest(VerifyInvalidPostRequestTest.java:46)
	at sun.reflect.NativeMethodAccessorImpl.invoke0(Native Method)
	at sun.reflect.NativeMethodAccessorImpl.invoke(NativeMethodAccessorImpl.java:57)
	at sun.reflect.DelegatingMethodAccessorImpl.invoke(DelegatingMethodAccessorImpl.java:43)
	at java.lang.reflect.Method.invoke(Method.java:606)
	at org.testng.internal.MethodInvocationHelper.invokeMethod(MethodInvocationHelper.java:85)
	at org.testng.internal.Invoker.invokeMethod(Invoker.java:659)
	at org.testng.internal.Invoker.invokeTestMethod(Invoker.java:845)
	at org.testng.internal.Invoker.invokeTestMethods(Invoker.java:1153)
	at org.testng.internal.TestMethodWorker.invokeTestMethods(TestMethodWorker.java:125)
	at org.testng.internal.TestMethodWorker.run(TestMethodWorker.java:108)
	at org.testng.TestRunner.privateRun(TestRunner.java:771)
	at org.testng.TestRunner.run(TestRunner.java:621)
	at org.testng.SuiteRunner.runTest(SuiteRunner.java:357)
	at org.testng.SuiteRunner.runSequentially(SuiteRunner.java:352)
	at org.testng.SuiteRunner.privateRun(SuiteRunner.java:310)
	at org.testng.SuiteRunner.run(SuiteRunner.java:259)
	at org.testng.SuiteRunnerWorker.runSuite(SuiteRunnerWorker.java:52)
	at org.testng.SuiteRunnerWorker.run(SuiteRunnerWorker.java:86)
	at org.testng.TestNG.runSuitesSequentially(TestNG.java:1199)
	at org.testng.TestNG.runSuitesLocally(TestNG.java:1124)
	at org.testng.TestNG.run(TestNG.java:1032)
	at org.apache.maven.surefire.testng.TestNGExecutor.run(TestNGExecutor.java:178)
	at org.apache.maven.surefire.testng.TestNGXmlTestSuite.execute(TestNGXmlTestSuite.java:92)
	at org.apache.maven.surefire.testng.TestNGProvider.invoke(TestNGProvider.java:96)
	at sun.reflect.NativeMethodAccessorImpl.invoke0(Native Method)
	at sun.reflect.NativeMethodAccessorImpl.invoke(NativeMethodAccessorImpl.java:57)
	at sun.reflect.DelegatingMethodAccessorImpl.invoke(DelegatingMethodAccessorImpl.java:43)
	at java.lang.reflect.Method.invoke(Method.java:606)
	at org.apache.maven.surefire.util.ReflectionUtils.invokeMethodWithArray2(ReflectionUtils.java:208)
	at org.apache.maven.surefire.booter.ProviderFactory$ProviderProxy.invoke(ProviderFactory.java:159)
	at org.apache.maven.surefire.booter.ProviderFactory.invokeProvider(ProviderFactory.java:87)
	at org.apache.maven.surefire.booter.ForkedBooter.runSuitesInProcess(ForkedBooter.java:153)
	at org.apache.maven.surefire.booter.ForkedBooter.main(ForkedBooter.java:95)
]]>
            </full-stacktrace>
          </exception> <!-- java.lang.AssertionError -->
          <reporter-output>
          </reporter-output>
        </test-method> <!-- verifyInvalidPostRequest -->
      </class> <!-- org.quinnox.testautomation.postinvalidrequest.VerifyInvalidPostRequestTest -->
    </test> <!-- Test -->
  </suite> <!-- Suite -->
</testng-results>
